app/build/outputs/logs/manifest-merger-debug-report.txt
-- Merging decision tree log ---
manifest
ADDED from src\main\AndroidManifest.xml:2:1-529:12
INJECTED from src\main\AndroidManifest.xml:2:1-529:12
INJECTED from src\main\AndroidManifest.xml:2:1-529:12
INJECTED from src\main\AndroidManifest.xml:2:1-529:12
MERGED from [amap-libs-release.aar] AndroidManifest.xml:2:1-11:12
MERGED from [aps-dhPush-release.aar] AndroidManifest.xml:2:1-11:12
MERGED from [aps-igexin-release.aar] AndroidManifest.xml:2:1-11:12
MERGED from [aps-release.aar] AndroidManifest.xml:2:1-15:12
MERGED from [aps-xiaomi-release.aar] AndroidManifest.xml:2:1-11:12
MERGED from [audio-mp3aac-release.aar] AndroidManifest.xml:2:1-9:12
MERGED from [baidu-libs-release.aar] AndroidManifest.xml:2:1-10:12
MERGED from [Bluetooth-release.aar] AndroidManifest.xml:2:1-11:12
MERGED from [contacts-release.aar] AndroidManifest.xml:2:1-11:12
MERGED from [fingerprint-release.aar] AndroidManifest.xml:2:1-13:12
MERGED from [gallery-dmcBig-release.aar] AndroidManifest.xml:2:1-22:12
MERGED from [geolocation-amap-release.aar] AndroidManifest.xml:2:1-11:12
MERGED from [geolocation-baidu-release.aar] AndroidManifest.xml:2:1-11:12
MERGED from [iBeacon-release.aar] AndroidManifest.xml:2:1-11:12
MERGED from [lib.5plus.base-release.aar] AndroidManifest.xml:2:1-237:12
MERGED from [map-amap-release.aar] AndroidManifest.xml:2:1-12:12
MERGED from [map-baidu-release.aar] AndroidManifest.xml:2:1-12:12
MERGED from [media-livepusher-release.aar] AndroidManifest.xml:2:1-11:12
MERGED from [media-release.aar] AndroidManifest.xml:2:1-11:12
MERGED from [messaging-release.aar] AndroidManifest.xml:2:1-11:12
MERGED from [oauth-miui-release.aar] AndroidManifest.xml:2:1-11:12
MERGED from [oauth-qq-release.aar] AndroidManifest.xml:2:1-11:12
MERGED from [oauth-sina-release.aar] AndroidManifest.xml:2:1-11:12
MERGED from [oauth-weixin-release.aar] AndroidManifest.xml:2:1-11:12
MERGED from [payment-alipay-release.aar] AndroidManifest.xml:2:1-11:12
MERGED from [payment-weixin-release.aar] AndroidManifest.xml:2:1-11:12
MERGED from [share-qq-release.aar] AndroidManifest.xml:2:1-11:12
MERGED from [share-sina-release.aar] AndroidManifest.xml:2:1-11:12
MERGED from [share-tencent-release.aar] AndroidManifest.xml:2:1-11:12
MERGED from [share-weixin-release.aar] AndroidManifest.xml:2:1-11:12
MERGED from [sina-libs-release.aar] AndroidManifest.xml:2:1-11:12
MERGED from [speech-release.aar] AndroidManifest.xml:2:1-9:12
MERGED from [speech_baidu-release.aar] AndroidManifest.xml:2:1-11:12
MERGED from [speech_ifly-release.aar] AndroidManifest.xml:2:1-12:12
MERGED from [sqlite-release.aar] AndroidManifest.xml:2:1-9:12
MERGED from [statistics-umeng-release.aar] AndroidManifest.xml:2:1-11:12
MERGED from [uniapp-release.aar] AndroidManifest.xml:20:1-37:12
MERGED from [com.android.support:multidex:1.0.2] AndroidManifest.xml:17:1-22:12
MERGED from [com.android.support:appcompat-v7:26.1.0] AndroidManifest.xml:17:1-31:12
MERGED from [com.android.support.constraint:constraint-layout:1.1.3] AndroidManifest.xml:2:1-11:12
MERGED from [com.android.support:recyclerview-v7:26.1.0] AndroidManifest.xml:17:1-28:12
MERGED from [com.alibaba.android:bindingx-core:1.0.3] AndroidManifest.xml:2:1-11:12
MERGED from [com.alibaba.android:bindingx_weex_plugin:1.0.3] AndroidManifest.xml:2:1-21:12
MERGED from [com.facebook.fresco:fresco:1.13.0] AndroidManifest.xml:2:1-9:12
MERGED from [com.facebook.fresco:animated-gif:1.13.0] AndroidManifest.xml:2:1-9:12
MERGED from [com.github.bumptech.glide:glide:4.9.0] AndroidManifest.xml:2:1-12:12
MERGED from [com.github.bumptech.glide:gifdecoder:4.9.0] AndroidManifest.xml:2:1-11:12
MERGED from [com.android.support:support-v4:26.1.0] AndroidManifest.xml:17:1-31:12
MERGED from [com.android.support:support-fragment:27.1.1] AndroidManifest.xml:17:1-22:12
MERGED from [com.android.support:support-media-compat:26.1.0] AndroidManifest.xml:17:1-31:12
MERGED from [com.android.support:animated-vector-drawable:27.1.1] AndroidManifest.xml:17:1-22:12
MERGED from [com.android.support:support-vector-drawable:27.1.1] AndroidManifest.xml:17:1-22:12
MERGED from [com.android.support:support-core-ui:27.1.1] AndroidManifest.xml:17:1-22:12
MERGED from [com.android.support:support-core-utils:27.1.1] AndroidManifest.xml:17:1-22:12
MERGED from [com.android.support:support-compat:27.1.1] AndroidManifest.xml:17:1-22:12
MERGED from [com.facebook.fresco:animated-base:1.13.0] AndroidManifest.xml:2:1-9:12
MERGED from [com.facebook.fresco:animated-drawable:1.13.0] AndroidManifest.xml:2:1-9:12
MERGED from [com.facebook.fresco:drawee:1.13.0] AndroidManifest.xml:2:1-9:12
MERGED from [com.facebook.fresco:nativeimagefilters:1.13.0] AndroidManifest.xml:2:1-9:12
MERGED from [com.facebook.fresco:imagepipeline:1.13.0] AndroidManifest.xml:2:1-9:12
MERGED from [com.facebook.fresco:nativeimagetranscoder:1.13.0] AndroidManifest.xml:2:1-9:12
MERGED from [com.facebook.fresco:imagepipeline-base:1.13.0] AndroidManifest.xml:2:1-9:12
MERGED from [com.facebook.fresco:fbcore:1.13.0] AndroidManifest.xml:2:1-9:12
MERGED from [com.facebook.soloader:soloader:0.6.0] AndroidManifest.xml:2:1-13:12
MERGED from [android.arch.lifecycle:runtime:1.1.0] AndroidManifest.xml:17:1-22:12
MERGED from [android.arch.lifecycle:livedata-core:1.1.0] AndroidManifest.xml:17:1-22:12
MERGED from [android.arch.lifecycle:viewmodel:1.1.0] AndroidManifest.xml:17:1-22:12
MERGED from [android.arch.core:runtime:1.1.0] AndroidManifest.xml:17:1-22:12
INJECTED from src\main\AndroidManifest.xml:2:1-529:12
INJECTED from src\main\AndroidManifest.xml:2:1-529:12
INJECTED from src\main\AndroidManifest.xml:2:1-529:12
	package
		ADDED from src\main\AndroidManifest.xml:4:5-33
		INJECTED from src\main\AndroidManifest.xml
		INJECTED from src\main\AndroidManifest.xml
	android:versionName
		INJECTED from src\main\AndroidManifest.xml
		ADDED from src\main\AndroidManifest.xml:2:1-529:12
		INJECTED from src\main\AndroidManifest.xml
	xmlns:tools
		ADDED from src\main\AndroidManifest.xml:3:5-51
	android:versionCode
		INJECTED from src\main\AndroidManifest.xml
		ADDED from src\main\AndroidManifest.xml:2:1-529:12
		INJECTED from src\main\AndroidManifest.xml
	xmlns:android
		ADDED from src\main\AndroidManifest.xml:2:11-69
uses-permission#android.permission.CAMERA
ADDED from src\main\AndroidManifest.xml:7:5-65
	android:name
		ADDED from src\main\AndroidManifest.xml:7:22-62
uses-permission#android.permission.WRITE_EXTERNAL_STORAGE
ADDED from src\main\AndroidManifest.xml:8:5-81
MERGED from [lib.5plus.base-release.aar] AndroidManifest.xml:16:5-81
MERGED from [lib.5plus.base-release.aar] AndroidManifest.xml:16:5-81
	android:name
		ADDED from src\main\AndroidManifest.xml:8:22-78
uses-feature#android.hardware.camera
ADDED from src\main\AndroidManifest.xml:9:5-60
	android:name
		ADDED from src\main\AndroidManifest.xml:9:19-57
uses-feature#android.hardware.camera.autofocus
ADDED from src\main\AndroidManifest.xml:10:5-70
	android:name
		ADDED from src\main\AndroidManifest.xml:10:19-67
uses-permission#android.permission.VIBRATE
ADDED from src\main\AndroidManifest.xml:11:5-66
	android:name
		ADDED from src\main\AndroidManifest.xml:11:22-63
uses-permission#android.permission.FLASHLIGHT
ADDED from src\main\AndroidManifest.xml:12:5-69
	android:name
		ADDED from src\main\AndroidManifest.xml:12:22-66
uses-permission#android.permission.USE_FINGERPRINT
ADDED from src\main\AndroidManifest.xml:15:5-73
MERGED from [fingerprint-release.aar] AndroidManifest.xml:9:5-74
MERGED from [fingerprint-release.aar] AndroidManifest.xml:9:5-74
	android:name
		ADDED from src\main\AndroidManifest.xml:15:22-71
uses-permission#android.permission.INTERNET
ADDED from src\main\AndroidManifest.xml:19:5-67
MERGED from [lib.5plus.base-release.aar] AndroidManifest.xml:17:5-67
MERGED from [lib.5plus.base-release.aar] AndroidManifest.xml:17:5-67
	android:name
		ADDED from src\main\AndroidManifest.xml:19:22-64
uses-permission#android.permission.ACCESS_COARSE_LOCATION
ADDED from src\main\AndroidManifest.xml:21:5-81
	android:name
		ADDED from src\main\AndroidManifest.xml:21:22-78
uses-permission#android.permission.ACCESS_FINE_LOCATION
ADDED from src\main\AndroidManifest.xml:22:5-79
	android:name
		ADDED from src\main\AndroidManifest.xml:22:22-76
uses-permission#android.permission.WRITE_SETTINGS
ADDED from src\main\AndroidManifest.xml:23:5-73
	android:name
		ADDED from src\main\AndroidManifest.xml:23:22-70
uses-permission#android.permission.ACCESS_NETWORK_STATE
ADDED from src\main\AndroidManifest.xml:24:5-79
MERGED from [lib.5plus.base-release.aar] AndroidManifest.xml:18:5-79
MERGED from [lib.5plus.base-release.aar] AndroidManifest.xml:18:5-79
	android:name
		ADDED from src\main\AndroidManifest.xml:24:22-76
uses-permission#android.permission.CHANGE_WIFI_STATE
ADDED from src\main\AndroidManifest.xml:25:5-76
	android:name
		ADDED from src\main\AndroidManifest.xml:25:22-73
uses-permission#android.permission.READ_PHONE_STATE
ADDED from src\main\AndroidManifest.xml:26:5-75
	android:name
		ADDED from src\main\AndroidManifest.xml:26:22-72
uses-permission#android.permission.MOUNT_UNMOUNT_FILESYSTEMS
ADDED from src\main\AndroidManifest.xml:27:5-84
	android:name
		ADDED from src\main\AndroidManifest.xml:27:22-81
uses-permission#android.permission.READ_LOGS
ADDED from src\main\AndroidManifest.xml:28:5-68
	android:name
		ADDED from src\main\AndroidManifest.xml:28:22-65
uses-permission#android.permission.WAKE_LOCK
ADDED from src\main\AndroidManifest.xml:64:5-68
	android:name
		ADDED from src\main\AndroidManifest.xml:64:22-65
uses-permission#android.permission.RECEIVE_BOOT_COMPLETED
ADDED from src\main\AndroidManifest.xml:65:5-81
	android:name
		ADDED from src\main\AndroidManifest.xml:65:22-78
uses-permission#android.permission.ACCESS_WIFI_STATE
ADDED from src\main\AndroidManifest.xml:68:5-76
	android:name
		ADDED from src\main\AndroidManifest.xml:68:22-73
uses-permission#android.permission.CALL_PHONE
ADDED from src\main\AndroidManifest.xml:69:5-69
	android:name
		ADDED from src\main\AndroidManifest.xml:69:22-66
uses-permission#getui.permission.GetuiService.com.HBuilder.integrate
ADDED from src\main\AndroidManifest.xml:70:5-92
	android:name
		ADDED from src\main\AndroidManifest.xml:70:22-89
permission#getui.permission.GetuiService.com.HBuilder.integrate
ADDED from src\main\AndroidManifest.xml:72:5-74:44
	android:protectionLevel
		ADDED from src\main\AndroidManifest.xml:74:9-41
	android:name
		ADDED from src\main\AndroidManifest.xml:73:9-76
uses-permission#android.permission.ACCESS_MOCK_LOCATION
ADDED from src\main\AndroidManifest.xml:89:5-79
	android:name
		ADDED from src\main\AndroidManifest.xml:89:22-76
uses-permission#android.permission.MODIFY_AUDIO_SETTINGS
ADDED from src\main\AndroidManifest.xml:91:5-80
	android:name
		ADDED from src\main\AndroidManifest.xml:91:22-77
uses-permission#android.permission.RECORD_AUDIO
ADDED from src\main\AndroidManifest.xml:99:5-71
	android:name
		ADDED from src\main\AndroidManifest.xml:99:22-68
uses-permission#android.permission.CHANGE_NETWORK_STATE
ADDED from src\main\AndroidManifest.xml:102:5-79
	android:name
		ADDED from src\main\AndroidManifest.xml:102:22-76
uses-permission#android.permission.RECEIVE_USER_PRESENT
ADDED from src\main\AndroidManifest.xml:111:5-79
	android:name
		ADDED from src\main\AndroidManifest.xml:111:22-76
uses-permission#com.xiaomi.permission.AUTH_SERVICE
ADDED from src\main\AndroidManifest.xml:115:5-74
	android:name
		ADDED from src\main\AndroidManifest.xml:115:22-71
uses-permission#android.permission.BLUETOOTH_ADMIN
ADDED from src\main\AndroidManifest.xml:120:5-74
	android:name
		ADDED from src\main\AndroidManifest.xml:120:22-71
uses-permission#android.permission.BLUETOOTH
ADDED from src\main\AndroidManifest.xml:121:5-68
	android:name
		ADDED from src\main\AndroidManifest.xml:121:22-65
uses-permission#android.permission.GET_TASKS
ADDED from src\main\AndroidManifest.xml:124:5-68
	android:name
		ADDED from src\main\AndroidManifest.xml:124:22-65
uses-permission#android.permission.READ_CONTACTS
ADDED from src\main\AndroidManifest.xml:126:5-72
	android:name
		ADDED from src\main\AndroidManifest.xml:126:22-69
uses-permission#android.permission.WRITE_CONTACTS
ADDED from src\main\AndroidManifest.xml:129:5-73
	android:name
		ADDED from src\main\AndroidManifest.xml:129:22-70
uses-permission#android.permission.GET_ACCOUNTS
ADDED from src\main\AndroidManifest.xml:131:5-71
	android:name
		ADDED from src\main\AndroidManifest.xml:131:22-68
uses-permission#android.permission.SEND_SMS
ADDED from src\main\AndroidManifest.xml:133:5-67
	android:name
		ADDED from src\main\AndroidManifest.xml:133:22-64
uses-permission#android.permission.WRITE_SMS
ADDED from src\main\AndroidManifest.xml:137:5-68
	android:name
		ADDED from src\main\AndroidManifest.xml:137:22-65
uses-permission#android.permission.READ_SMS
ADDED from src\main\AndroidManifest.xml:138:5-67
	android:name
		ADDED from src\main\AndroidManifest.xml:138:22-64
application
ADDED from src\main\AndroidManifest.xml:140:5-527:19
MERGED from [amap-libs-release.aar] AndroidManifest.xml:9:5-20
MERGED from [amap-libs-release.aar] AndroidManifest.xml:9:5-20
MERGED from [aps-dhPush-release.aar] AndroidManifest.xml:9:5-20
MERGED from [aps-dhPush-release.aar] AndroidManifest.xml:9:5-20
MERGED from [aps-igexin-release.aar] AndroidManifest.xml:9:5-20
MERGED from [aps-igexin-release.aar] AndroidManifest.xml:9:5-20
MERGED from [aps-release.aar] AndroidManifest.xml:9:5-13:19
MERGED from [aps-release.aar] AndroidManifest.xml:9:5-13:19
MERGED from [aps-xiaomi-release.aar] AndroidManifest.xml:9:5-20
MERGED from [aps-xiaomi-release.aar] AndroidManifest.xml:9:5-20
MERGED from [audio-mp3aac-release.aar] AndroidManifest.xml:7:5-20
MERGED from [audio-mp3aac-release.aar] AndroidManifest.xml:7:5-20
MERGED from [baidu-libs-release.aar] AndroidManifest.xml:8:5-20
MERGED from [baidu-libs-release.aar] AndroidManifest.xml:8:5-20
MERGED from [Bluetooth-release.aar] AndroidManifest.xml:9:5-20
MERGED from [Bluetooth-release.aar] AndroidManifest.xml:9:5-20
MERGED from [contacts-release.aar] AndroidManifest.xml:9:5-20
MERGED from [contacts-release.aar] AndroidManifest.xml:9:5-20
MERGED from [fingerprint-release.aar] AndroidManifest.xml:11:5-20
MERGED from [fingerprint-release.aar] AndroidManifest.xml:11:5-20
MERGED from [gallery-dmcBig-release.aar] AndroidManifest.xml:9:5-20:19
MERGED from [gallery-dmcBig-release.aar] AndroidManifest.xml:9:5-20:19
MERGED from [geolocation-amap-release.aar] AndroidManifest.xml:9:5-20
MERGED from [geolocation-amap-release.aar] AndroidManifest.xml:9:5-20
MERGED from [geolocation-baidu-release.aar] AndroidManifest.xml:9:5-20
MERGED from [geolocation-baidu-release.aar] AndroidManifest.xml:9:5-20
MERGED from [iBeacon-release.aar] AndroidManifest.xml:9:5-20
MERGED from [iBeacon-release.aar] AndroidManifest.xml:9:5-20
MERGED from [lib.5plus.base-release.aar] AndroidManifest.xml:58:5-235:19
MERGED from [lib.5plus.base-release.aar] AndroidManifest.xml:58:5-235:19
MERGED from [map-amap-release.aar] AndroidManifest.xml:9:5-10:19
MERGED from [map-amap-release.aar] AndroidManifest.xml:9:5-10:19
MERGED from [map-baidu-release.aar] AndroidManifest.xml:9:5-10:19
MERGED from [map-baidu-release.aar] AndroidManifest.xml:9:5-10:19
MERGED from [media-livepusher-release.aar] AndroidManifest.xml:9:5-20
MERGED from [media-livepusher-release.aar] AndroidManifest.xml:9:5-20
MERGED from [media-release.aar] AndroidManifest.xml:9:5-20
MERGED from [media-release.aar] AndroidManifest.xml:9:5-20
MERGED from [messaging-release.aar] AndroidManifest.xml:9:5-20
MERGED from [messaging-release.aar] AndroidManifest.xml:9:5-20
MERGED from [oauth-miui-release.aar] AndroidManifest.xml:9:5-20
MERGED from [oauth-miui-release.aar] AndroidManifest.xml:9:5-20
MERGED from [oauth-qq-release.aar] AndroidManifest.xml:9:5-20
MERGED from [oauth-qq-release.aar] AndroidManifest.xml:9:5-20
MERGED from [oauth-sina-release.aar] AndroidManifest.xml:9:5-20
MERGED from [oauth-sina-release.aar] AndroidManifest.xml:9:5-20
MERGED from [oauth-weixin-release.aar] AndroidManifest.xml:9:5-20
MERGED from [oauth-weixin-release.aar] AndroidManifest.xml:9:5-20
MERGED from [payment-alipay-release.aar] AndroidManifest.xml:9:5-20
MERGED from [payment-alipay-release.aar] AndroidManifest.xml:9:5-20
MERGED from [payment-weixin-release.aar] AndroidManifest.xml:9:5-20
MERGED from [payment-weixin-release.aar] AndroidManifest.xml:9:5-20
MERGED from [share-qq-release.aar] AndroidManifest.xml:9:5-20
MERGED from [share-qq-release.aar] AndroidManifest.xml:9:5-20
MERGED from [share-sina-release.aar] AndroidManifest.xml:9:5-20
MERGED from [share-sina-release.aar] AndroidManifest.xml:9:5-20
MERGED from [share-tencent-release.aar] AndroidManifest.xml:9:5-20
MERGED from [share-tencent-release.aar] AndroidManifest.xml:9:5-20
MERGED from [share-weixin-release.aar] AndroidManifest.xml:9:5-20
MERGED from [share-weixin-release.aar] AndroidManifest.xml:9:5-20
MERGED from [sina-libs-release.aar] AndroidManifest.xml:9:5-20
MERGED from [sina-libs-release.aar] AndroidManifest.xml:9:5-20
MERGED from [speech-release.aar] AndroidManifest.xml:7:5-20
MERGED from [speech-release.aar] AndroidManifest.xml:7:5-20
MERGED from [speech_baidu-release.aar] AndroidManifest.xml:9:5-20
MERGED from [speech_baidu-release.aar] AndroidManifest.xml:9:5-20
MERGED from [speech_ifly-release.aar] AndroidManifest.xml:9:5-10:19
MERGED from [speech_ifly-release.aar] AndroidManifest.xml:9:5-10:19
MERGED from [statistics-umeng-release.aar] AndroidManifest.xml:9:5-20
MERGED from [statistics-umeng-release.aar] AndroidManifest.xml:9:5-20
MERGED from [uniapp-release.aar] AndroidManifest.xml:29:5-35:19
MERGED from [uniapp-release.aar] AndroidManifest.xml:29:5-35:19
MERGED from [com.android.support:appcompat-v7:26.1.0] AndroidManifest.xml:25:5-29:19
MERGED from [com.android.support:appcompat-v7:26.1.0] AndroidManifest.xml:25:5-29:19
MERGED from [com.android.support.constraint:constraint-layout:1.1.3] AndroidManifest.xml:9:5-20
MERGED from [com.android.support.constraint:constraint-layout:1.1.3] AndroidManifest.xml:9:5-20
MERGED from [com.android.support:recyclerview-v7:26.1.0] AndroidManifest.xml:22:5-26:19
MERGED from [com.android.support:recyclerview-v7:26.1.0] AndroidManifest.xml:22:5-26:19
MERGED from [com.alibaba.android:bindingx_weex_plugin:1.0.3] AndroidManifest.xml:9:5-19:19
MERGED from [com.alibaba.android:bindingx_weex_plugin:1.0.3] AndroidManifest.xml:9:5-19:19
MERGED from [com.github.bumptech.glide:glide:4.9.0] AndroidManifest.xml:10:5-20
MERGED from [com.github.bumptech.glide:glide:4.9.0] AndroidManifest.xml:10:5-20
MERGED from [com.github.bumptech.glide:gifdecoder:4.9.0] AndroidManifest.xml:9:5-20
MERGED from [com.github.bumptech.glide:gifdecoder:4.9.0] AndroidManifest.xml:9:5-20
MERGED from [com.android.support:support-v4:26.1.0] AndroidManifest.xml:25:5-29:19
MERGED from [com.android.support:support-v4:26.1.0] AndroidManifest.xml:25:5-29:19
MERGED from [com.android.support:support-media-compat:26.1.0] AndroidManifest.xml:25:5-29:19
MERGED from [com.android.support:support-media-compat:26.1.0] AndroidManifest.xml:25:5-29:19
MERGED from [com.facebook.soloader:soloader:0.6.0] AndroidManifest.xml:11:5-20
MERGED from [com.facebook.soloader:soloader:0.6.0] AndroidManifest.xml:11:5-20
	android:supportsRtl
		ADDED from [lib.5plus.base-release.aar] AndroidManifest.xml:60:9-35
	android:label
		ADDED from src\main\AndroidManifest.xml:144:9-41
	android:allowClearUserData
		ADDED from src\main\AndroidManifest.xml:142:9-42
	android:debuggable
		ADDED from src\main\AndroidManifest.xml:146:9-34
	android:largeHeap
		ADDED from src\main\AndroidManifest.xml:145:9-33
	android:icon
		ADDED from src\main\AndroidManifest.xml:143:9-38
	android:usesCleartextTraffic
		ADDED from [lib.5plus.base-release.aar] AndroidManifest.xml:61:9-44
	android:name
		ADDED from src\main\AndroidManifest.xml:141:9-63
activity#io.dcloud.HBuilder.wxapi.SingleLoginAcitvity
ADDED from src\main\AndroidManifest.xml:149:9-164:20
	android:screenOrientation
		ADDED from src\main\AndroidManifest.xml:156:13-45
	android:label
		ADDED from src\main\AndroidManifest.xml:152:13-45
	android:launchMode
		ADDED from src\main\AndroidManifest.xml:153:13-44
	android:hardwareAccelerated
		ADDED from src\main\AndroidManifest.xml:154:13-47
	android:windowSoftInputMode
		ADDED from src\main\AndroidManifest.xml:157:13-55
	android:configChanges
		ADDED from src\main\AndroidManifest.xml:151:13-83
	android:theme
		ADDED from src\main\AndroidManifest.xml:155:13-52
	android:name
		ADDED from src\main\AndroidManifest.xml:150:13-72
intent-filter#action:name:android.intent.action.MAIN+category:name:android.intent.category.LAUNCHER
ADDED from src\main\AndroidManifest.xml:159:13-163:29
action#android.intent.action.MAIN
ADDED from src\main\AndroidManifest.xml:160:17-69
	android:name
		ADDED from src\main\AndroidManifest.xml:160:25-66
category#android.intent.category.LAUNCHER
ADDED from src\main\AndroidManifest.xml:162:17-77
	android:name
		ADDED from src\main\AndroidManifest.xml:162:27-74
activity#io.dcloud.PandoraEntry
ADDED from src\main\AndroidManifest.xml:166:9-180:20
	android:screenOrientation
		ADDED from src\main\AndroidManifest.xml:173:13-45
	android:label
		ADDED from src\main\AndroidManifest.xml:169:13-45
	android:launchMode
		ADDED from src\main\AndroidManifest.xml:170:13-44
	android:hardwareAccelerated
		ADDED from src\main\AndroidManifest.xml:171:13-47
	android:windowSoftInputMode
		ADDED from src\main\AndroidManifest.xml:174:13-55
	android:configChanges
		ADDED from src\main\AndroidManifest.xml:168:13-83
	android:theme
		ADDED from src\main\AndroidManifest.xml:172:13-52
	android:name
		ADDED from src\main\AndroidManifest.xml:167:13-50
intent-filter#action:name:my_action+category:name:android.intent.category.DEFAULT+category:name:my_category
ADDED from src\main\AndroidManifest.xml:175:13-179:29
action#my_action
ADDED from src\main\AndroidManifest.xml:176:17-51
	android:name
		ADDED from src\main\AndroidManifest.xml:176:25-49
category#my_category
ADDED from src\main\AndroidManifest.xml:177:17-55
	android:name
		ADDED from src\main\AndroidManifest.xml:177:27-53
category#android.intent.category.DEFAULT
ADDED from src\main\AndroidManifest.xml:178:17-75
	android:name
		ADDED from src\main\AndroidManifest.xml:178:27-73
activity#io.dcloud.HBuilder.wxapi.SDK_WebView
ADDED from src\main\AndroidManifest.xml:182:9-186:59
	android:screenOrientation
		ADDED from src\main\AndroidManifest.xml:185:13-47
	android:configChanges
		ADDED from src\main\AndroidManifest.xml:184:13-112
	android:theme
		ADDED from src\main\AndroidManifest.xml:186:13-47
	android:name
		ADDED from src\main\AndroidManifest.xml:183:13-64
meta-data#UMENG_APPKEY
ADDED from src\main\AndroidManifest.xml:191:9-193:56
	android:value
		ADDED from src\main\AndroidManifest.xml:193:13-53
	android:name
		ADDED from src\main\AndroidManifest.xml:192:13-40
meta-data#UMENG_CHANNEL
ADDED from src\main\AndroidManifest.xml:194:9-196:42
	android:value
		ADDED from src\main\AndroidManifest.xml:196:13-39
	android:name
		ADDED from src\main\AndroidManifest.xml:195:13-41
provider#io.dcloud.common.util.DCloud_FileProvider
ADDED from src\main\AndroidManifest.xml:199:9-207:20
	android:grantUriPermissions
		ADDED from src\main\AndroidManifest.xml:203:13-47
	android:authorities
		ADDED from src\main\AndroidManifest.xml:201:13-69
	android:exported
		ADDED from src\main\AndroidManifest.xml:202:13-37
	android:name
		ADDED from src\main\AndroidManifest.xml:200:13-69
meta-data#android.support.FILE_PROVIDER_PATHS
ADDED from src\main\AndroidManifest.xml:204:13-206:64
	android:resource
		ADDED from src\main\AndroidManifest.xml:206:17-61
	android:name
		ADDED from src\main\AndroidManifest.xml:205:17-67
meta-data#com.baidu.lbsapi.API_KEY
ADDED from src\main\AndroidManifest.xml:211:9-213:55
	android:value
		ADDED from src\main\AndroidManifest.xml:213:13-53
	android:name
		ADDED from src\main\AndroidManifest.xml:212:13-52
service#com.baidu.location.f
ADDED from src\main\AndroidManifest.xml:215:9-218:40
	android:process
		ADDED from src\main\AndroidManifest.xml:218:13-38
	android:enabled
		ADDED from src\main\AndroidManifest.xml:217:13-35
	android:name
		ADDED from src\main\AndroidManifest.xml:216:13-48
meta-data#QQ_APPID
ADDED from src\main\AndroidManifest.xml:225:9-227:42
	android:value
		ADDED from src\main\AndroidManifest.xml:227:13-39
	android:name
		ADDED from src\main\AndroidManifest.xml:226:13-36
activity#com.tencent.tauth.AuthActivity
ADDED from src\main\AndroidManifest.xml:229:9-241:20
	android:launchMode
		ADDED from src\main\AndroidManifest.xml:231:13-44
	android:noHistory
		ADDED from src\main\AndroidManifest.xml:232:13-37
	android:name
		ADDED from src\main\AndroidManifest.xml:230:13-58
intent-filter#action:name:android.intent.action.VIEW+category:name:android.intent.category.BROWSABLE+category:name:android.intent.category.DEFAULT+data:scheme:1104455702
ADDED from src\main\AndroidManifest.xml:233:13-240:29
action#android.intent.action.VIEW
ADDED from src\main\AndroidManifest.xml:234:17-69
	android:name
		ADDED from src\main\AndroidManifest.xml:234:25-66
category#android.intent.category.BROWSABLE
ADDED from src\main\AndroidManifest.xml:237:17-78
	android:name
		ADDED from src\main\AndroidManifest.xml:237:27-75
data
ADDED from src\main\AndroidManifest.xml:239:17-53
	android:scheme
		ADDED from src\main\AndroidManifest.xml:239:23-50
activity#com.tencent.connect.common.AssistActivity
ADDED from src\main\AndroidManifest.xml:242:9-245:75
	android:screenOrientation
		ADDED from src\main\AndroidManifest.xml:244:13-49
	android:theme
		ADDED from src\main\AndroidManifest.xml:245:13-72
	android:name
		ADDED from src\main\AndroidManifest.xml:243:13-69
meta-data#IFLY_APPKEY
ADDED from src\main\AndroidManifest.xml:259:9-261:40
	android:value
		ADDED from src\main\AndroidManifest.xml:261:13-37
	android:name
		ADDED from src\main\AndroidManifest.xml:260:13-39
meta-data#PUSH_APPID
ADDED from src\main\AndroidManifest.xml:271:9-273:54
	android:value
		ADDED from src\main\AndroidManifest.xml:273:13-51
	android:name
		ADDED from src\main\AndroidManifest.xml:272:13-38
meta-data#PUSH_APPKEY
ADDED from src\main\AndroidManifest.xml:274:9-276:54
	android:value
		ADDED from src\main\AndroidManifest.xml:276:13-51
	android:name
		ADDED from src\main\AndroidManifest.xml:275:13-39
meta-data#PUSH_APPSECRET
ADDED from src\main\AndroidManifest.xml:277:9-279:54
	android:value
		ADDED from src\main\AndroidManifest.xml:279:13-51
	android:name
		ADDED from src\main\AndroidManifest.xml:278:13-42
service#com.igexin.sdk.PushService
ADDED from src\main\AndroidManifest.xml:281:9-289:19
	android:process
		ADDED from src\main\AndroidManifest.xml:285:35-65
	android:label
		ADDED from src\main\AndroidManifest.xml:284:13-47
	android:exported
		ADDED from src\main\AndroidManifest.xml:283:13-36
	android:permission
		ADDED from src\main\AndroidManifest.xml:285:13-34
	android:name
		ADDED from src\main\AndroidManifest.xml:282:13-54
intent-filter#action:name:com.igexin.sdk.action.service.message
ADDED from src\main\AndroidManifest.xml:286:13-288:29
action#com.igexin.sdk.action.service.message
ADDED from src\main\AndroidManifest.xml:287:17-80
	android:name
		ADDED from src\main\AndroidManifest.xml:287:25-77
receiver#com.igexin.sdk.PushReceiver
ADDED from src\main\AndroidManifest.xml:291:9-301:20
	android:name
		ADDED from src\main\AndroidManifest.xml:291:19-61
intent-filter#action:name:android.intent.action.ACTION_POWER_CONNECTED+action:name:android.intent.action.ACTION_POWER_DISCONNECTED+action:name:android.intent.action.BOOT_COMPLETED+action:name:android.intent.action.MEDIA_MOUNTED+action:name:android.intent.action.USER_PRESENT+action:name:android.net.conn.CONNECTIVITY_CHANGE+action:name:com.igexin.sdk.action.refreshls
ADDED from src\main\AndroidManifest.xml:292:13-300:29
action#android.intent.action.BOOT_COMPLETED
ADDED from src\main\AndroidManifest.xml:293:17-79
	android:name
		ADDED from src\main\AndroidManifest.xml:293:25-76
action#android.net.conn.CONNECTIVITY_CHANGE
ADDED from src\main\AndroidManifest.xml:294:17-79
	android:name
		ADDED from src\main\AndroidManifest.xml:294:25-76
action#android.intent.action.USER_PRESENT
ADDED from src\main\AndroidManifest.xml:295:17-77
	android:name
		ADDED from src\main\AndroidManifest.xml:295:25-74
action#com.igexin.sdk.action.refreshls
ADDED from src\main\AndroidManifest.xml:296:17-74
	android:name
		ADDED from src\main\AndroidManifest.xml:296:25-71
action#android.intent.action.MEDIA_MOUNTED
ADDED from src\main\AndroidManifest.xml:297:17-78
	android:name
		ADDED from src\main\AndroidManifest.xml:297:25-75
action#android.intent.action.ACTION_POWER_CONNECTED
ADDED from src\main\AndroidManifest.xml:298:17-87
	android:name
		ADDED from src\main\AndroidManifest.xml:298:25-84
action#android.intent.action.ACTION_POWER_DISCONNECTED
ADDED from src\main\AndroidManifest.xml:299:17-90
	android:name
		ADDED from src\main\AndroidManifest.xml:299:25-87
activity#com.igexin.sdk.PushActivity
ADDED from src\main\AndroidManifest.xml:303:9-309:75
	android:process
		ADDED from src\main\AndroidManifest.xml:307:13-43
	android:excludeFromRecents
		ADDED from src\main\AndroidManifest.xml:305:13-46
	android:exported
		ADDED from src\main\AndroidManifest.xml:306:13-37
	android:theme
		ADDED from src\main\AndroidManifest.xml:309:13-72
	android:taskAffinity
		ADDED from src\main\AndroidManifest.xml:308:13-67
	android:name
		ADDED from src\main\AndroidManifest.xml:304:13-55
activity#com.igexin.sdk.GActivity
ADDED from src\main\AndroidManifest.xml:310:9-316:75
	android:process
		ADDED from src\main\AndroidManifest.xml:314:13-43
	android:excludeFromRecents
		ADDED from src\main\AndroidManifest.xml:312:13-46
	android:exported
		ADDED from src\main\AndroidManifest.xml:313:13-36
	android:theme
		ADDED from src\main\AndroidManifest.xml:316:13-72
	android:taskAffinity
		ADDED from src\main\AndroidManifest.xml:315:13-67
	android:name
		ADDED from src\main\AndroidManifest.xml:311:13-52
receiver#io.dcloud.feature.apsGt.GTNotificationReceiver